Release 14.7 - xst P.20131013 (nt64)
Copyright (c) 1995-2013 Xilinx, Inc.  All rights reserved.
--> Parameter TMPDIR set to xst/projnav.tmp


Total REAL time to Xst completion: 0.00 secs
Total CPU time to Xst completion: 0.13 secs
 
--> Parameter xsthdpdir set to xst


Total REAL time to Xst completion: 0.00 secs
Total CPU time to Xst completion: 0.13 secs
 
--> Reading design: binary_divider.prj

TABLE OF CONTENTS
  1) Synthesis Options Summary
  2) HDL Compilation
  3) Design Hierarchy Analysis
  4) HDL Analysis
  5) HDL Synthesis
     5.1) HDL Synthesis Report
  6) Advanced HDL Synthesis
     6.1) Advanced HDL Synthesis Report
  7) Low Level Synthesis
  8) Partition Report
  9) Final Report
	9.1) Device utilization summary
	9.2) Partition Resource Summary
	9.3) TIMING REPORT


=========================================================================
*                      Synthesis Options Summary                        *
=========================================================================
---- Source Parameters
Input File Name                    : "binary_divider.prj"
Input Format                       : mixed
Ignore Synthesis Constraint File   : NO

---- Target Parameters
Output File Name                   : "binary_divider"
Output Format                      : NGC
Target Device                      : xc3s400-4-pq208

---- Source Options
Top Module Name                    : binary_divider
Automatic FSM Extraction           : YES
FSM Encoding Algorithm             : Auto
Safe Implementation                : No
FSM Style                          : LUT
RAM Extraction                     : Yes
RAM Style                          : Auto
ROM Extraction                     : Yes
Mux Style                          : Auto
Decoder Extraction                 : YES
Priority Encoder Extraction        : Yes
Shift Register Extraction          : YES
Logical Shifter Extraction         : YES
XOR Collapsing                     : YES
ROM Style                          : Auto
Mux Extraction                     : Yes
Resource Sharing                   : YES
Asynchronous To Synchronous        : NO
Multiplier Style                   : Auto
Automatic Register Balancing       : No

---- Target Options
Add IO Buffers                     : YES
Global Maximum Fanout              : 100000
Add Generic Clock Buffer(BUFG)     : 8
Register Duplication               : YES
Slice Packing                      : YES
Optimize Instantiated Primitives   : NO
Use Clock Enable                   : Yes
Use Synchronous Set                : Yes
Use Synchronous Reset              : Yes
Pack IO Registers into IOBs        : Auto
Equivalent register Removal        : YES

---- General Options
Optimization Goal                  : Speed
Optimization Effort                : 1
Keep Hierarchy                     : No
Netlist Hierarchy                  : As_Optimized
RTL Output                         : Yes
Global Optimization                : AllClockNets
Read Cores                         : YES
Write Timing Constraints           : NO
Cross Clock Analysis               : NO
Hierarchy Separator                : /
Bus Delimiter                      : <>
Case Specifier                     : Maintain
Slice Utilization Ratio            : 100
BRAM Utilization Ratio             : 100
Verilog 2001                       : YES
Auto BRAM Packing                  : NO
Slice Utilization Ratio Delta      : 5

=========================================================================


=========================================================================
*                          HDL Compilation                              *
=========================================================================
Compiling vhdl file "D:/vhdl/binary_divider/binary_divider.vhd" in Library work.
Entity <binary_divider> compiled.
Entity <binary_divider> (Architecture <behavioral>) compiled.

=========================================================================
*                     Design Hierarchy Analysis                         *
=========================================================================
Analyzing hierarchy for entity <binary_divider> in library <work> (architecture <behavioral>).


=========================================================================
*                            HDL Analysis                               *
=========================================================================
Analyzing Entity <binary_divider> in library <work> (Architecture <behavioral>).
Entity <binary_divider> analyzed. Unit <binary_divider> generated.


=========================================================================
*                           HDL Synthesis                               *
=========================================================================

Performing bidirectional port resolution...

Synthesizing Unit <binary_divider>.
    Related source file is "D:/vhdl/binary_divider/binary_divider.vhd".
    Found 6-bit up counter for signal <Q_int>.
    Found 6-bit comparator greatequal for signal <Q_int$cmp_ge0000> created at line 27.
    Found 6-bit register for signal <R_int>.
    Found 6-bit subtractor for signal <R_int$addsub0000> created at line 28.
    Found 1-bit register for signal <t>.
    Summary:
	inferred   1 Counter(s).
	inferred   7 D-type flip-flop(s).
	inferred   1 Adder/Subtractor(s).
	inferred   1 Comparator(s).
Unit <binary_divider> synthesized.


=========================================================================
HDL Synthesis Report

Macro Statistics
# Adders/Subtractors                                   : 1
 6-bit subtractor                                      : 1
# Counters                                             : 1
 6-bit up counter                                      : 1
# Registers                                            : 2
 1-bit register                                        : 1
 6-bit register                                        : 1
# Comparators                                          : 1
 6-bit comparator greatequal                           : 1

=========================================================================

=========================================================================
*                       Advanced HDL Synthesis                          *
=========================================================================

WARNING:Xst:1426 - The value init of the FF/Latch t hinder the constant cleaning in the block binary_divider.
   You should achieve better results by setting this init to 0.

Synthesizing (advanced) Unit <binary_divider>.
The following registers are absorbed into accumulator <R_int>: 1 register on signal <R_int>.
Unit <binary_divider> synthesized (advanced).

=========================================================================
Advanced HDL Synthesis Report

Macro Statistics
# Counters                                             : 1
 6-bit up counter                                      : 1
# Accumulators                                         : 1
 6-bit down loadable accumulator                       : 1
# Registers                                            : 1
 Flip-Flops                                            : 1
# Comparators                                          : 1
 6-bit comparator greatequal                           : 1

=========================================================================

=========================================================================
*                         Low Level Synthesis                           *
=========================================================================
WARNING:Xst:1426 - The value init of the FF/Latch t hinder the constant cleaning in the block binary_divider.
   You should achieve better results by setting this init to 0.

Optimizing unit <binary_divider> ...

Mapping all equations...
Building and optimizing final netlist ...
Found area constraint ratio of 100 (+ 5) on block binary_divider, actual ratio is 0.

Final Macro Processing ...

=========================================================================
Final Register Report

Macro Statistics
# Registers                                            : 13
 Flip-Flops                                            : 13

=========================================================================

=========================================================================
*                           Partition Report                            *
=========================================================================

Partition Implementation Status
-------------------------------

  No Partitions were found in this design.

-------------------------------

=========================================================================
*                            Final Report                               *
=========================================================================
Final Results
RTL Top Level Output File Name     : binary_divider.ngr
Top Level Output File Name         : binary_divider
Output Format                      : NGC
Optimization Goal                  : Speed
Keep Hierarchy                     : No

Design Statistics
# IOs                              : 25

Cell Usage :
# BELS                             : 51
#      GND                         : 1
#      INV                         : 1
#      LUT2                        : 15
#      LUT3                        : 8
#      LUT4                        : 8
#      MUXCY                       : 11
#      VCC                         : 1
#      XORCY                       : 6
# FlipFlops/Latches                : 13
#      FDE                         : 13
# Clock Buffers                    : 1
#      BUFGP                       : 1
# IO Buffers                       : 24
#      IBUF                        : 12
#      OBUF                        : 12
=========================================================================

Device utilization summary:
---------------------------

Selected Device : 3s400pq208-4 

 Number of Slices:                       17  out of   3584     0%  
 Number of Slice Flip Flops:             13  out of   7168     0%  
 Number of 4 input LUTs:                 32  out of   7168     0%  
 Number of IOs:                          25
 Number of bonded IOBs:                  25  out of    141    17%  
 Number of GCLKs:                         1  out of      8    12%  

---------------------------
Partition Resource Summary:
---------------------------

  No Partitions were found in this design.

---------------------------


=========================================================================
TIMING REPORT

NOTE: THESE TIMING NUMBERS ARE ONLY A SYNTHESIS ESTIMATE.
      FOR ACCURATE TIMING INFORMATION PLEASE REFER TO THE TRACE REPORT
      GENERATED AFTER PLACE-and-ROUTE.

Clock Information:
------------------
-----------------------------------+------------------------+-------+
Clock Signal                       | Clock buffer(FF name)  | Load  |
-----------------------------------+------------------------+-------+
clk                                | BUFGP                  | 13    |
-----------------------------------+------------------------+-------+

Asynchronous Control Signals Information:
----------------------------------------
No asynchronous control signals found in this design

Timing Summary:
---------------
Speed Grade: -4

   Minimum period: 8.991ns (Maximum Frequency: 111.222MHz)
   Minimum input arrival time before clock: 9.206ns
   Maximum output required time after clock: 7.367ns
   Maximum combinational path delay: No path found

Timing Detail:
--------------
All values displayed in nanoseconds (ns)

=========================================================================
Timing constraint: Default period analysis for Clock 'clk'
  Clock period: 8.991ns (frequency: 111.222MHz)
  Total number of paths / destination ports: 910 / 25
-------------------------------------------------------------------------
Delay:               8.991ns (Levels of Logic = 15)
  Source:            R_int_0 (FF)
  Destination:       R_int_5 (FF)
  Source Clock:      clk rising
  Destination Clock: clk rising

  Data Path: R_int_0 to R_int_5
                                Gate     Net
    Cell:in->out      fanout   Delay   Delay  Logical Name (Net Name)
    ----------------------------------------  ------------
     FDE:C->Q              3   0.720   1.102  R_int_0 (R_int_0)
     LUT2:I1->O            1   0.551   0.000  Mcompar_Q_int_cmp_ge0000_lut<0> (Mcompar_Q_int_cmp_ge0000_lut<0>)
     MUXCY:S->O            1   0.500   0.000  Mcompar_Q_int_cmp_ge0000_cy<0> (Mcompar_Q_int_cmp_ge0000_cy<0>)
     MUXCY:CI->O           1   0.064   0.000  Mcompar_Q_int_cmp_ge0000_cy<1> (Mcompar_Q_int_cmp_ge0000_cy<1>)
     MUXCY:CI->O           1   0.064   0.000  Mcompar_Q_int_cmp_ge0000_cy<2> (Mcompar_Q_int_cmp_ge0000_cy<2>)
     MUXCY:CI->O           1   0.064   0.000  Mcompar_Q_int_cmp_ge0000_cy<3> (Mcompar_Q_int_cmp_ge0000_cy<3>)
     MUXCY:CI->O           1   0.064   0.000  Mcompar_Q_int_cmp_ge0000_cy<4> (Mcompar_Q_int_cmp_ge0000_cy<4>)
     MUXCY:CI->O          19   0.281   1.476  Mcompar_Q_int_cmp_ge0000_cy<5> (Q_int_cmp_ge0000)
     LUT4:I3->O            1   0.551   1.140  Ain<0>1 (Ain<0>1)
     LUT3:I0->O            1   0.551   0.000  Maccum_R_int_lut<0> (Maccum_R_int_lut<0>)
     MUXCY:S->O            1   0.500   0.000  Maccum_R_int_cy<0> (Maccum_R_int_cy<0>)
     MUXCY:CI->O           1   0.064   0.000  Maccum_R_int_cy<1> (Maccum_R_int_cy<1>)
     MUXCY:CI->O           1   0.064   0.000  Maccum_R_int_cy<2> (Maccum_R_int_cy<2>)
     MUXCY:CI->O           1   0.064   0.000  Maccum_R_int_cy<3> (Maccum_R_int_cy<3>)
     MUXCY:CI->O           0   0.064   0.000  Maccum_R_int_cy<4> (Maccum_R_int_cy<4>)
     XORCY:CI->O           1   0.904   0.000  Maccum_R_int_xor<5> (Result<5>)
     FDE:D                     0.203          R_int_5
    ----------------------------------------
    Total                      8.991ns (5.273ns logic, 3.718ns route)
                                       (58.6% logic, 41.4% route)

=========================================================================
Timing constraint: Default OFFSET IN BEFORE for Clock 'clk'
  Total number of paths / destination ports: 438 / 18
-------------------------------------------------------------------------
Offset:              9.206ns (Levels of Logic = 16)
  Source:            Bin<0> (PAD)
  Destination:       R_int_5 (FF)
  Destination Clock: clk rising

  Data Path: Bin<0> to R_int_5
                                Gate     Net
    Cell:in->out      fanout   Delay   Delay  Logical Name (Net Name)
    ----------------------------------------  ------------
     IBUF:I->O             2   0.821   1.216  Bin_0_IBUF (Bin_0_IBUF)
     LUT2:I0->O            1   0.551   0.000  Mcompar_Q_int_cmp_ge0000_lut<0> (Mcompar_Q_int_cmp_ge0000_lut<0>)
     MUXCY:S->O            1   0.500   0.000  Mcompar_Q_int_cmp_ge0000_cy<0> (Mcompar_Q_int_cmp_ge0000_cy<0>)
     MUXCY:CI->O           1   0.064   0.000  Mcompar_Q_int_cmp_ge0000_cy<1> (Mcompar_Q_int_cmp_ge0000_cy<1>)
     MUXCY:CI->O           1   0.064   0.000  Mcompar_Q_int_cmp_ge0000_cy<2> (Mcompar_Q_int_cmp_ge0000_cy<2>)
     MUXCY:CI->O           1   0.064   0.000  Mcompar_Q_int_cmp_ge0000_cy<3> (Mcompar_Q_int_cmp_ge0000_cy<3>)
     MUXCY:CI->O           1   0.064   0.000  Mcompar_Q_int_cmp_ge0000_cy<4> (Mcompar_Q_int_cmp_ge0000_cy<4>)
     MUXCY:CI->O          19   0.281   1.476  Mcompar_Q_int_cmp_ge0000_cy<5> (Q_int_cmp_ge0000)
     LUT4:I3->O            1   0.551   1.140  Ain<0>1 (Ain<0>1)
     LUT3:I0->O            1   0.551   0.000  Maccum_R_int_lut<0> (Maccum_R_int_lut<0>)
     MUXCY:S->O            1   0.500   0.000  Maccum_R_int_cy<0> (Maccum_R_int_cy<0>)
     MUXCY:CI->O           1   0.064   0.000  Maccum_R_int_cy<1> (Maccum_R_int_cy<1>)
     MUXCY:CI->O           1   0.064   0.000  Maccum_R_int_cy<2> (Maccum_R_int_cy<2>)
     MUXCY:CI->O           1   0.064   0.000  Maccum_R_int_cy<3> (Maccum_R_int_cy<3>)
     MUXCY:CI->O           0   0.064   0.000  Maccum_R_int_cy<4> (Maccum_R_int_cy<4>)
     XORCY:CI->O           1   0.904   0.000  Maccum_R_int_xor<5> (Result<5>)
     FDE:D                     0.203          R_int_5
    ----------------------------------------
    Total                      9.206ns (5.374ns logic, 3.832ns route)
                                       (58.4% logic, 41.6% route)

=========================================================================
Timing constraint: Default OFFSET OUT AFTER for Clock 'clk'
  Total number of paths / destination ports: 12 / 12
-------------------------------------------------------------------------
Offset:              7.367ns (Levels of Logic = 1)
  Source:            Q_int_0 (FF)
  Destination:       Q<0> (PAD)
  Source Clock:      clk rising

  Data Path: Q_int_0 to Q<0>
                                Gate     Net
    Cell:in->out      fanout   Delay   Delay  Logical Name (Net Name)
    ----------------------------------------  ------------
     FDE:C->Q              6   0.720   1.003  Q_int_0 (Q_int_0)
     OBUF:I->O                 5.644          Q_0_OBUF (Q<0>)
    ----------------------------------------
    Total                      7.367ns (6.364ns logic, 1.003ns route)
                                       (86.4% logic, 13.6% route)

=========================================================================


Total REAL time to Xst completion: 6.00 secs
Total CPU time to Xst completion: 6.02 secs
 
--> 

Total memory usage is 4523272 kilobytes

Number of errors   :    0 (   0 filtered)
Number of warnings :    2 (   0 filtered)
Number of infos    :    0 (   0 filtered)

