ISim log file
Running: D:\vhdl\dff_s1\tb1_isim_beh.exe -intstyle ise -gui -tclbatch isim.cmd -wdb D:/vhdl/dff_s1/tb1_isim_beh.wdb 
ISim P.20131013 (signature 0x7708f090)
This is a Full version of ISim.
Time resolution is 1 ps
# onerror resume
# wave add /
# run 1000 ns
Simulator is doing circuit initialization process.
Finished circuit initialization process.
# isim force add /tb1/d 1 -radix bin
# isim force add /tb1/d 1 -radix bin
# run 1.00us
ISim P.20131013 (signature 0x7708f090)
This is a Full version of ISim.
# run 1000 ns
Simulator is doing circuit initialization process.
Finished circuit initialization process.
ISim P.20131013 (signature 0x7708f090)
This is a Full version of ISim.
# run 1000 ns
Simulator is doing circuit initialization process.
Finished circuit initialization process.
# isim force add /tb1/d 1 -radix bin
# run 1.00us
