INFO:sim:172 - Generating IP...
Customizing IP...
Qt: Untested Windows version 6.2 detected!
Release 14.7 - Xilinx CORE Generator IP GUI Launcher P.20131013 (nt64)
Copyright (c) 1995-2013 Xilinx, Inc.  All rights reserved.
WARNING:coreutil - WARNING:sim:1016 - Unable to launch pdf viewer
WARNING:coreutil - WARNING:sim:1016 - Unable to launch pdf viewer
Finished Customizing.
Generating IP...
WARNING:sim:471 - The chosen IP does not support a VHDL behavioral model,
   generating a VHDL structural model instead.
XST: HDL Parsing
XST: HDL Elaboration
XST: HDL Synthesis
XST: Advanced HDL Synthesis
XST: Low Level Synthesis
Generating Implementation files.
Generating NGC file.
Generating VHDL structural model.
Finished Generation.
Generating IP instantiation template...
Generating ASY schematic symbol...
INFO:sim:949 - Finished generation of ASY schematic symbol.
Generating SYM schematic symbol for 'My_IPdiv'...
Generating metadata file...
Generating ISE project...
XCO file found: My_IPdiv.xco
XMDF file found: My_IPdiv_xmdf.tcl
Adding D:/vhdl/divider_IPCore/ipcore_dir/tmp/_cg/My_IPdiv.asy -view all
-origin_type imported
Adding D:/vhdl/divider_IPCore/ipcore_dir/tmp/_cg/My_IPdiv.ngc -view all
-origin_type created
Checking file "D:/vhdl/divider_IPCore/ipcore_dir/tmp/_cg/My_IPdiv.ngc" for
project device match ...
File "D:/vhdl/divider_IPCore/ipcore_dir/tmp/_cg/My_IPdiv.ngc" device information
matches project device.
Adding D:/vhdl/divider_IPCore/ipcore_dir/tmp/_cg/My_IPdiv.sym -view all
-origin_type imported
Adding D:/vhdl/divider_IPCore/ipcore_dir/tmp/_cg/My_IPdiv.vhd -view all
-origin_type created
INFO:HDLCompiler:1061 - Parsing VHDL file
   "D:/vhdl/divider_IPCore/ipcore_dir/tmp/_cg/My_IPdiv.vhd" into library work
INFO:ProjectMgmt - Parsing design hierarchy completed successfully.
Adding D:/vhdl/divider_IPCore/ipcore_dir/tmp/_cg/My_IPdiv.vho -view all
-origin_type imported
INFO:TclTasksC:2116 - The automatic calculation of top has been turned-off.
   Please set the new top explicitly by running the "project set top" command.
   To re-calculate the new top automatically, set the "Auto Implementation Top"
   property to true.
Top level has been set to "/My_IPdiv"
Generating README file...
Generating FLIST file...
INFO:sim:948 - Finished FLIST file generation.
Launching README viewer...
Moving files to output directory...
Finished moving files to output directory
Wrote CGP file for project 'My_IPdiv'.
