Running: C:\Xilinx\14.7\ISE_DS\ISE\bin\nt64\unwrapped\fuse.exe -intstyle ise -incremental -o D:/vhdl/Fukk_adder1bit/FA4bit_tb_isim_beh.exe -prj D:/vhdl/Fukk_adder1bit/FA4bit_tb_beh.prj work.FA4bit_tb 
ISim P.20131013 (signature 0x7708f090)
Number of CPUs detected in this system: 12
Turning on mult-threading, number of parallel sub-compilation jobs: 24 
Determining compilation order of HDL files
Parsing VHDL file "D:/vhdl/Fukk_adder1bit/FA1bit.vhd" into library work
Parsing VHDL file "D:/vhdl/Fukk_adder1bit/FA4bit.vhd" into library work
Parsing VHDL file "D:/vhdl/Fukk_adder1bit/FA4bit_tb.vhd" into library work
Starting static elaboration
Completed static elaboration
Compiling package standard
Compiling package std_logic_1164
Compiling architecture behavioral of entity FA1bit [fa1bit_default]
Compiling architecture behavioral of entity FA4bit [fa4bit_default]
Compiling architecture behavior of entity fa4bit_tb
Time Resolution for simulation is 1ps.
Compiled 7 VHDL Units
Built simulation executable D:/vhdl/Fukk_adder1bit/FA4bit_tb_isim_beh.exe
Fuse Memory Usage: 28852 KB
Fuse CPU Usage: 421 ms
