Running: C:\Xilinx\14.7\ISE_DS\ISE\bin\nt64\unwrapped\fuse.exe -intstyle ise -incremental -o D:/vhdl/divider_IPCore/tb_isim_beh.exe -prj D:/vhdl/divider_IPCore/tb_beh.prj work.tb 
ISim P.20131013 (signature 0x7708f090)
Number of CPUs detected in this system: 12
Turning on mult-threading, number of parallel sub-compilation jobs: 24 
Determining compilation order of HDL files
Parsing VHDL file "D:/vhdl/divider_IPCore/ipcore_dir/My_IPdiv.vhd" into library work
Parsing VHDL file "D:/vhdl/divider_IPCore/divider_IPCore.vhd" into library work
Parsing VHDL file "D:/vhdl/divider_IPCore/tb.vhd" into library work
Starting static elaboration
Completed static elaboration
Compiling package standard
Compiling package std_logic_1164
Compiling package numeric_std
Compiling package vcomponents
Compiling package textio
Compiling package vital_timing
Compiling package vital_primitives
Compiling package vpkg
Compiling architecture vcc_v of entity VCC [vcc_default]
Compiling architecture gnd_v of entity GND [gnd_default]
Compiling architecture fd_v of entity FD [\FD('1')\]
Compiling architecture srl16_v of entity SRL16 [\SRL16("0000000000000001")(0,15)...]
Compiling architecture inv_v of entity INV [inv_default]
Compiling architecture lut3_v of entity LUT3 [\LUT3("10010110")(0,7)\]
Compiling architecture lut4_v of entity LUT4 [\LUT4("0110100110010110")(0,15)\]
Compiling architecture lut2_v of entity LUT2 [\LUT2("0110")(0,3)\]
Compiling architecture lut1_v of entity LUT1 [\LUT1("0001")(0,3)\]
Compiling architecture muxcy_v of entity MUXCY [muxcy_default]
Compiling architecture xorcy_v of entity XORCY [xorcy_default]
Compiling architecture mult_and_v of entity MULT_AND [mult_and_default]
Compiling architecture structure of entity My_IPdiv [my_ipdiv_default]
Compiling architecture behavioral of entity divider_IPCore [\divider_IPCore(16)\]
Compiling architecture behavior of entity tb
Time Resolution for simulation is 1ps.
Compiled 47 VHDL Units
Built simulation executable D:/vhdl/divider_IPCore/tb_isim_beh.exe
Fuse Memory Usage: 68788 KB
Fuse CPU Usage: 1046 ms
