Running: fuse.exe -relaunch -intstyle "ise" -incremental -o "D:/vhdl/MUX32to1/MUX32to1_tb_isim_beh.exe" -prj "D:/vhdl/MUX32to1/MUX32to1_tb_beh.prj" "work.MUX32to1_tb" 
ISim P.20131013 (signature 0x7708f090)
Number of CPUs detected in this system: 12
Turning on mult-threading, number of parallel sub-compilation jobs: 24 
Determining compilation order of HDL files
Parsing VHDL file "D:/vhdl/MUX32to1/MUX2to1.vhd" into library work
Parsing VHDL file "D:/vhdl/MUX32to1/MUX4to1.vhd" into library work
Parsing VHDL file "D:/vhdl/MUX32to1/MUX8to1.vhd" into library work
Parsing VHDL file "D:/vhdl/MUX32to1/MUX32to1.vhd" into library work
Parsing VHDL file "D:/vhdl/MUX32to1/MUX32to1_tb.vhd" into library work
Starting static elaboration
Completed static elaboration
Compiling package standard
Compiling package std_logic_1164
Compiling architecture behavioral of entity MUX2to1 [mux2to1_default]
Compiling architecture behavioral of entity MUX4to1 [mux4to1_default]
Compiling architecture behavioral of entity MUX8to1 [mux8to1_default]
Compiling architecture behavioral of entity MUX32to1 [mux32to1_default]
Compiling architecture behavior of entity mux32to1_tb
Time Resolution for simulation is 1ps.
Compiled 11 VHDL Units
Built simulation executable D:/vhdl/MUX32to1/MUX32to1_tb_isim_beh.exe
Fuse Memory Usage: 29180 KB
Fuse CPU Usage: 280 ms
