Release 14.7 - xst P.20131013 (nt64)
Copyright (c) 1995-2013 Xilinx, Inc.  All rights reserved.
--> Parameter TMPDIR set to xst/projnav.tmp


Total REAL time to Xst completion: 0.00 secs
Total CPU time to Xst completion: 0.08 secs
 
--> Parameter xsthdpdir set to xst


Total REAL time to Xst completion: 0.00 secs
Total CPU time to Xst completion: 0.08 secs
 
--> Reading design: sort.prj

TABLE OF CONTENTS
  1) Synthesis Options Summary
  2) HDL Compilation
  3) Design Hierarchy Analysis
  4) HDL Analysis
  5) HDL Synthesis
     5.1) HDL Synthesis Report
  6) Advanced HDL Synthesis
     6.1) Advanced HDL Synthesis Report
  7) Low Level Synthesis
  8) Partition Report
  9) Final Report
	9.1) Device utilization summary
	9.2) Partition Resource Summary
	9.3) TIMING REPORT


=========================================================================
*                      Synthesis Options Summary                        *
=========================================================================
---- Source Parameters
Input File Name                    : "sort.prj"
Input Format                       : mixed
Ignore Synthesis Constraint File   : NO

---- Target Parameters
Output File Name                   : "sort"
Output Format                      : NGC
Target Device                      : xc3s400-4-pq208

---- Source Options
Top Module Name                    : sort
Automatic FSM Extraction           : YES
FSM Encoding Algorithm             : Auto
Safe Implementation                : No
FSM Style                          : LUT
RAM Extraction                     : Yes
RAM Style                          : Auto
ROM Extraction                     : Yes
Mux Style                          : Auto
Decoder Extraction                 : YES
Priority Encoder Extraction        : Yes
Shift Register Extraction          : YES
Logical Shifter Extraction         : YES
XOR Collapsing                     : YES
ROM Style                          : Auto
Mux Extraction                     : Yes
Resource Sharing                   : YES
Asynchronous To Synchronous        : NO
Multiplier Style                   : Auto
Automatic Register Balancing       : No

---- Target Options
Add IO Buffers                     : YES
Global Maximum Fanout              : 100000
Add Generic Clock Buffer(BUFG)     : 8
Register Duplication               : YES
Slice Packing                      : YES
Optimize Instantiated Primitives   : NO
Use Clock Enable                   : Yes
Use Synchronous Set                : Yes
Use Synchronous Reset              : Yes
Pack IO Registers into IOBs        : Auto
Equivalent register Removal        : YES

---- General Options
Optimization Goal                  : Speed
Optimization Effort                : 1
Keep Hierarchy                     : No
Netlist Hierarchy                  : As_Optimized
RTL Output                         : Yes
Global Optimization                : AllClockNets
Read Cores                         : YES
Write Timing Constraints           : NO
Cross Clock Analysis               : NO
Hierarchy Separator                : /
Bus Delimiter                      : <>
Case Specifier                     : Maintain
Slice Utilization Ratio            : 100
BRAM Utilization Ratio             : 100
Verilog 2001                       : YES
Auto BRAM Packing                  : NO
Slice Utilization Ratio Delta      : 5

=========================================================================


=========================================================================
*                          HDL Compilation                              *
=========================================================================
Compiling vhdl file "D:/vhdl/sort/sort.vhd" in Library work.
Entity <sort> compiled.
Entity <sort> (Architecture <behavioral>) compiled.

=========================================================================
*                     Design Hierarchy Analysis                         *
=========================================================================
Analyzing hierarchy for entity <sort> in library <work> (architecture <behavioral>).


=========================================================================
*                            HDL Analysis                               *
=========================================================================
Analyzing Entity <sort> in library <work> (Architecture <behavioral>).
Entity <sort> analyzed. Unit <sort> generated.


=========================================================================
*                           HDL Synthesis                               *
=========================================================================

Performing bidirectional port resolution...

Synthesizing Unit <sort>.
    Related source file is "D:/vhdl/sort/sort.vhd".
    Found finite state machine <FSM_0> for signal <state>.
    -----------------------------------------------------------------------
    | States             | 3                                              |
    | Transitions        | 3                                              |
    | Inputs             | 0                                              |
    | Outputs            | 3                                              |
    | Clock              | clk                       (rising_edge)        |
    | Power Up State     | zero                                           |
    | Encoding           | automatic                                      |
    | Implementation     | LUT                                            |
    -----------------------------------------------------------------------
    Found 8-bit register for signal <o1>.
    Found 8-bit register for signal <o2>.
    Found 8-bit register for signal <o3>.
    Found 8-bit register for signal <o4>.
    Found 1-bit register for signal <flag>.
    Found 8-bit register for signal <a>.
    Found 8-bit comparator greater for signal <a$cmp_gt0000> created at line 33.
    Found 8-bit register for signal <b>.
    Found 8-bit register for signal <c>.
    Found 8-bit comparator greater for signal <c$cmp_gt0000> created at line 40.
    Found 8-bit register for signal <d>.
    Found 8-bit register for signal <e>.
    Found 8-bit register for signal <f>.
    Found 8-bit comparator less for signal <o1$cmp_lt0000> created at line 56.
    Found 8-bit comparator greater for signal <o2$cmp_gt0000> created at line 65.
    Found 8-bit comparator greater for signal <o4$cmp_gt0000> created at line 49.
    Summary:
	inferred   1 Finite State Machine(s).
	inferred  81 D-type flip-flop(s).
	inferred   5 Comparator(s).
Unit <sort> synthesized.


=========================================================================
HDL Synthesis Report

Macro Statistics
# Registers                                            : 11
 1-bit register                                        : 1
 8-bit register                                        : 10
# Comparators                                          : 5
 8-bit comparator greater                              : 4
 8-bit comparator less                                 : 1

=========================================================================

=========================================================================
*                       Advanced HDL Synthesis                          *
=========================================================================

Analyzing FSM <FSM_0> for best encoding.
Optimizing FSM <state/FSM> on signal <state[1:3]> with one-hot encoding.
--------------------
 State  | Encoding
--------------------
 zero   | 001
 first  | 010
 second | 100
--------------------
WARNING:Xst:1426 - The value init of the FF/Latch FFd3 hinder the constant cleaning in the block FSM.
   You should achieve better results by setting this init to 0.
WARNING:Xst:1426 - The value init of the FF/Latch flag hinder the constant cleaning in the block sort.
   You should achieve better results by setting this init to 1.

=========================================================================
Advanced HDL Synthesis Report

Macro Statistics
# FSMs                                                 : 1
# Registers                                            : 81
 Flip-Flops                                            : 81
# Comparators                                          : 5
 8-bit comparator greater                              : 4
 8-bit comparator less                                 : 1

=========================================================================

=========================================================================
*                         Low Level Synthesis                           *
=========================================================================
WARNING:Xst:1426 - The value init of the FF/Latch FSM_FFd3 hinder the constant cleaning in the block FSM_0-parent.
   You should achieve better results by setting this init to 0.
WARNING:Xst:1426 - The value init of the FF/Latch flag hinder the constant cleaning in the block sort.
   You should achieve better results by setting this init to 1.

Optimizing unit <sort> ...

Mapping all equations...
Building and optimizing final netlist ...
Found area constraint ratio of 100 (+ 5) on block sort, actual ratio is 2.

Final Macro Processing ...

=========================================================================
Final Register Report

Macro Statistics
# Registers                                            : 84
 Flip-Flops                                            : 84

=========================================================================

=========================================================================
*                           Partition Report                            *
=========================================================================

Partition Implementation Status
-------------------------------

  No Partitions were found in this design.

-------------------------------

=========================================================================
*                            Final Report                               *
=========================================================================
Final Results
RTL Top Level Output File Name     : sort.ngr
Top Level Output File Name         : sort
Output Format                      : NGC
Optimization Goal                  : Speed
Keep Hierarchy                     : No

Design Statistics
# IOs                              : 66

Cell Usage :
# BELS                             : 162
#      GND                         : 1
#      LUT2                        : 40
#      LUT3                        : 80
#      MUXCY                       : 40
#      VCC                         : 1
# FlipFlops/Latches                : 84
#      FD                          : 2
#      FDE                         : 81
#      FDR                         : 1
# Clock Buffers                    : 1
#      BUFGP                       : 1
# IO Buffers                       : 65
#      IBUF                        : 32
#      OBUF                        : 33
=========================================================================

Device utilization summary:
---------------------------

Selected Device : 3s400pq208-4 

 Number of Slices:                       70  out of   3584     1%  
 Number of Slice Flip Flops:             84  out of   7168     1%  
 Number of 4 input LUTs:                120  out of   7168     1%  
 Number of IOs:                          66
 Number of bonded IOBs:                  66  out of    141    46%  
 Number of GCLKs:                         1  out of      8    12%  

---------------------------
Partition Resource Summary:
---------------------------

  No Partitions were found in this design.

---------------------------


=========================================================================
TIMING REPORT

NOTE: THESE TIMING NUMBERS ARE ONLY A SYNTHESIS ESTIMATE.
      FOR ACCURATE TIMING INFORMATION PLEASE REFER TO THE TRACE REPORT
      GENERATED AFTER PLACE-and-ROUTE.

Clock Information:
------------------
-----------------------------------+------------------------+-------+
Clock Signal                       | Clock buffer(FF name)  | Load  |
-----------------------------------+------------------------+-------+
clk                                | BUFGP                  | 84    |
-----------------------------------+------------------------+-------+

Asynchronous Control Signals Information:
----------------------------------------
No asynchronous control signals found in this design

Timing Summary:
---------------
Speed Grade: -4

   Minimum period: 5.763ns (Maximum Frequency: 173.521MHz)
   Minimum input arrival time before clock: 6.135ns
   Maximum output required time after clock: 7.165ns
   Maximum combinational path delay: No path found

Timing Detail:
--------------
All values displayed in nanoseconds (ns)

=========================================================================
Timing constraint: Default period analysis for Clock 'clk'
  Clock period: 5.763ns (frequency: 173.521MHz)
  Total number of paths / destination ports: 1331 / 131
-------------------------------------------------------------------------
Delay:               5.763ns (Levels of Logic = 10)
  Source:            b_0 (FF)
  Destination:       o1_0 (FF)
  Source Clock:      clk rising
  Destination Clock: clk rising

  Data Path: b_0 to o1_0
                                Gate     Net
    Cell:in->out      fanout   Delay   Delay  Logical Name (Net Name)
    ----------------------------------------  ------------
     FDE:C->Q              3   0.720   1.246  b_0 (b_0)
     LUT2:I0->O            1   0.551   0.000  Mcompar_o1_cmp_lt0000_lut<0> (Mcompar_o1_cmp_lt0000_lut<0>)
     MUXCY:S->O            1   0.500   0.000  Mcompar_o1_cmp_lt0000_cy<0> (Mcompar_o1_cmp_lt0000_cy<0>)
     MUXCY:CI->O           1   0.064   0.000  Mcompar_o1_cmp_lt0000_cy<1> (Mcompar_o1_cmp_lt0000_cy<1>)
     MUXCY:CI->O           1   0.064   0.000  Mcompar_o1_cmp_lt0000_cy<2> (Mcompar_o1_cmp_lt0000_cy<2>)
     MUXCY:CI->O           1   0.064   0.000  Mcompar_o1_cmp_lt0000_cy<3> (Mcompar_o1_cmp_lt0000_cy<3>)
     MUXCY:CI->O           1   0.064   0.000  Mcompar_o1_cmp_lt0000_cy<4> (Mcompar_o1_cmp_lt0000_cy<4>)
     MUXCY:CI->O           1   0.064   0.000  Mcompar_o1_cmp_lt0000_cy<5> (Mcompar_o1_cmp_lt0000_cy<5>)
     MUXCY:CI->O           1   0.064   0.000  Mcompar_o1_cmp_lt0000_cy<6> (Mcompar_o1_cmp_lt0000_cy<6>)
     MUXCY:CI->O          16   0.303   1.305  Mcompar_o1_cmp_lt0000_cy<7> (Mcompar_o1_cmp_lt0000_cy<7>)
     LUT3:I2->O            1   0.551   0.000  o1_mux0000<7>1 (o1_mux0000<7>)
     FDE:D                     0.203          o1_7
    ----------------------------------------
    Total                      5.763ns (3.212ns logic, 2.551ns route)
                                       (55.7% logic, 44.3% route)

=========================================================================
Timing constraint: Default OFFSET IN BEFORE for Clock 'clk'
  Total number of paths / destination ports: 832 / 32
-------------------------------------------------------------------------
Offset:              6.135ns (Levels of Logic = 11)
  Source:            in2<0> (PAD)
  Destination:       a_0 (FF)
  Destination Clock: clk rising

  Data Path: in2<0> to a_0
                                Gate     Net
    Cell:in->out      fanout   Delay   Delay  Logical Name (Net Name)
    ----------------------------------------  ------------
     IBUF:I->O             3   0.821   1.246  in2_0_IBUF (in2_0_IBUF)
     LUT2:I0->O            1   0.551   0.000  Mcompar_a_cmp_gt0000_lut<0> (Mcompar_a_cmp_gt0000_lut<0>)
     MUXCY:S->O            1   0.500   0.000  Mcompar_a_cmp_gt0000_cy<0> (Mcompar_a_cmp_gt0000_cy<0>)
     MUXCY:CI->O           1   0.064   0.000  Mcompar_a_cmp_gt0000_cy<1> (Mcompar_a_cmp_gt0000_cy<1>)
     MUXCY:CI->O           1   0.064   0.000  Mcompar_a_cmp_gt0000_cy<2> (Mcompar_a_cmp_gt0000_cy<2>)
     MUXCY:CI->O           1   0.064   0.000  Mcompar_a_cmp_gt0000_cy<3> (Mcompar_a_cmp_gt0000_cy<3>)
     MUXCY:CI->O           1   0.064   0.000  Mcompar_a_cmp_gt0000_cy<4> (Mcompar_a_cmp_gt0000_cy<4>)
     MUXCY:CI->O           1   0.064   0.000  Mcompar_a_cmp_gt0000_cy<5> (Mcompar_a_cmp_gt0000_cy<5>)
     MUXCY:CI->O           1   0.064   0.000  Mcompar_a_cmp_gt0000_cy<6> (Mcompar_a_cmp_gt0000_cy<6>)
     MUXCY:CI->O          16   0.303   1.576  Mcompar_a_cmp_gt0000_cy<7> (Mcompar_a_cmp_gt0000_cy<7>)
     LUT3:I0->O            1   0.551   0.000  b_mux0001<7>1 (b_mux0001<7>)
     FDE:D                     0.203          b_7
    ----------------------------------------
    Total                      6.135ns (3.313ns logic, 2.822ns route)
                                       (54.0% logic, 46.0% route)

=========================================================================
Timing constraint: Default OFFSET OUT AFTER for Clock 'clk'
  Total number of paths / destination ports: 33 / 33
-------------------------------------------------------------------------
Offset:              7.165ns (Levels of Logic = 1)
  Source:            flag (FF)
  Destination:       flag (PAD)
  Source Clock:      clk rising

  Data Path: flag to flag
                                Gate     Net
    Cell:in->out      fanout   Delay   Delay  Logical Name (Net Name)
    ----------------------------------------  ------------
     FDE:C->Q              1   0.720   0.801  flag (flag_OBUF)
     OBUF:I->O                 5.644          flag_OBUF (flag)
    ----------------------------------------
    Total                      7.165ns (6.364ns logic, 0.801ns route)
                                       (88.8% logic, 11.2% route)

=========================================================================


Total REAL time to Xst completion: 4.00 secs
Total CPU time to Xst completion: 4.00 secs
 
--> 

Total memory usage is 4523252 kilobytes

Number of errors   :    0 (   0 filtered)
Number of warnings :    4 (   0 filtered)
Number of infos    :    0 (   0 filtered)

