Running: C:\Xilinx\14.7\ISE_DS\ISE\bin\nt64\unwrapped\fuse.exe -intstyle ise -incremental -o D:/vhdl/Dec2to4/Dec4to16_tb_isim_beh.exe -prj D:/vhdl/Dec2to4/Dec4to16_tb_beh.prj work.Dec4to16_tb 
ISim P.20131013 (signature 0x7708f090)
Number of CPUs detected in this system: 12
Turning on mult-threading, number of parallel sub-compilation jobs: 24 
Determining compilation order of HDL files
Parsing VHDL file "D:/vhdl/Dec2to4/Dec2to4.vhd" into library work
Parsing VHDL file "D:/vhdl/Dec2to4/dec4to16.vhd" into library work
Parsing VHDL file "D:/vhdl/Dec2to4/Dec4to16_tb.vhd" into library work
Starting static elaboration
Completed static elaboration
Compiling package standard
Compiling package std_logic_1164
Compiling architecture behavioral of entity Dec2to4 [dec2to4_default]
Compiling architecture behavioral of entity dec4to16 [dec4to16_default]
Compiling architecture behavior of entity dec4to16_tb
Time Resolution for simulation is 1ps.
Compiled 7 VHDL Units
Built simulation executable D:/vhdl/Dec2to4/Dec4to16_tb_isim_beh.exe
Fuse Memory Usage: 29484 KB
Fuse CPU Usage: 390 ms
