Running: fuse.exe -relaunch -intstyle "ise" -incremental -o "D:/vhdl/ALU/ALU_tb_isim_beh.exe" -prj "D:/vhdl/ALU/ALU_tb_beh.prj" "work.ALU_tb" 
ISim P.20131013 (signature 0x7708f090)
Number of CPUs detected in this system: 12
Turning on mult-threading, number of parallel sub-compilation jobs: 24 
Determining compilation order of HDL files
Parsing VHDL file "D:/vhdl/ALU/ALU.vhd" into library work
Parsing VHDL file "D:/vhdl/ALU/ALU_tb.vhd" into library work
Starting static elaboration
Completed static elaboration
Compiling package standard
Compiling package std_logic_1164
Compiling package numeric_std
Compiling architecture behavioral of entity ALU [alu_default]
Compiling architecture behavior of entity alu_tb
Time Resolution for simulation is 1ps.
Waiting for 1 sub-compilation(s) to finish...
Compiled 6 VHDL Units
Built simulation executable D:/vhdl/ALU/ALU_tb_isim_beh.exe
Fuse Memory Usage: 35456 KB
Fuse CPU Usage: 374 ms
