--------------------------------------------------------------------------------
Release 14.7 Trace  (nt64)
Copyright (c) 1995-2013 Xilinx, Inc.  All rights reserved.

C:\Xilinx\14.7\ISE_DS\ISE\bin\nt64\unwrapped\trce.exe -intstyle ise -v 3 -s 4
-n 3 -fastpaths -xml comparator5bit.twx comparator5bit.ncd -o
comparator5bit.twr comparator5bit.pcf

Design file:              comparator5bit.ncd
Physical constraint file: comparator5bit.pcf
Device,package,speed:     xc3s400,pq208,-4 (PRODUCTION 1.39 2013-10-13)
Report level:             verbose report

Environment Variable      Effect 
--------------------      ------ 
NONE                      No environment variables were set
--------------------------------------------------------------------------------

INFO:Timing:2698 - No timing constraints found, doing default enumeration.
INFO:Timing:3412 - To improve timing, see the Timing Closure User Guide (UG612).
INFO:Timing:2752 - To get complete path coverage, use the unconstrained paths 
   option. All paths that are not constrained will be reported in the 
   unconstrained paths section(s) of the report.
INFO:Timing:3339 - The clock-to-out numbers in this timing report are based on 
   a 50 Ohm transmission line loading model.  For the details of this model, 
   and for more information on accounting for different loading conditions, 
   please see the device datasheet.
INFO:Timing:3390 - This architecture does not support a default System Jitter 
   value, please add SYSTEM_JITTER constraint to the UCF to modify the Clock 
   Uncertainty calculation.
INFO:Timing:3389 - This architecture does not support 'Discrete Jitter' and 
   'Phase Error' calculations, these terms will be zero in the Clock 
   Uncertainty calculation.  Please make appropriate modification to 
   SYSTEM_JITTER to account for the unsupported Discrete Jitter and Phase 
   Error.



Data Sheet report:
-----------------
All values displayed in nanoseconds (ns)

Pad to Pad
---------------+---------------+---------+
Source Pad     |Destination Pad|  Delay  |
---------------+---------------+---------+
A<0>           |FEQ            |   10.573|
A<0>           |FGR            |    9.262|
A<0>           |FSM            |    9.488|
A<1>           |FEQ            |   10.880|
A<1>           |FGR            |   10.479|
A<1>           |FSM            |   10.705|
A<2>           |FEQ            |   11.201|
A<2>           |FGR            |   11.113|
A<2>           |FSM            |   11.339|
A<3>           |FEQ            |   10.015|
A<3>           |FGR            |   10.228|
A<3>           |FSM            |   10.454|
A<4>           |FEQ            |    8.541|
A<4>           |FGR            |    8.999|
A<4>           |FSM            |    8.658|
B<0>           |FEQ            |   10.469|
B<0>           |FGR            |    9.477|
B<0>           |FSM            |    9.369|
B<1>           |FEQ            |   11.504|
B<1>           |FGR            |   11.528|
B<1>           |FSM            |   11.754|
B<2>           |FEQ            |   11.118|
B<2>           |FGR            |   10.590|
B<2>           |FSM            |   10.816|
B<3>           |FEQ            |    9.982|
B<3>           |FGR            |   10.122|
B<3>           |FSM            |   10.348|
B<4>           |FEQ            |    8.371|
B<4>           |FGR            |    8.574|
B<4>           |FSM            |    8.800|
---------------+---------------+---------+


Analysis completed Wed Oct 14 07:49:53 2020 
--------------------------------------------------------------------------------

Trace Settings:
-------------------------
Trace Settings 

Peak Memory Usage: 4492 MB



