Running: C:\Xilinx\14.7\ISE_DS\ISE\bin\nt64\unwrapped\fuse.exe -intstyle ise -incremental -o D:/vhdl/COMPARATOR/comparator5bit_tb_isim_beh.exe -prj D:/vhdl/COMPARATOR/comparator5bit_tb_beh.prj work.comparator5bit_tb 
ISim P.20131013 (signature 0x7708f090)
Number of CPUs detected in this system: 12
Turning on mult-threading, number of parallel sub-compilation jobs: 24 
Determining compilation order of HDL files
Parsing VHDL file "D:/vhdl/COMPARATOR/comparator1bit.vhd" into library work
Parsing VHDL file "D:/vhdl/COMPARATOR/comparator5bit.vhd" into library work
Parsing VHDL file "D:/vhdl/COMPARATOR/comparator5bit_tb.vhd" into library work
Starting static elaboration
Completed static elaboration
Compiling package standard
Compiling package std_logic_1164
Compiling architecture behavioral of entity comparator1bit [comparator1bit_default]
Compiling architecture behavioral of entity comparator5bit [comparator5bit_default]
Compiling architecture behavior of entity comparator5bit_tb
Time Resolution for simulation is 1ps.
Waiting for 1 sub-compilation(s) to finish...
Compiled 7 VHDL Units
Built simulation executable D:/vhdl/COMPARATOR/comparator5bit_tb_isim_beh.exe
Fuse Memory Usage: 29016 KB
Fuse CPU Usage: 311 ms
